2024-01-08 13:56:23;INFO;Starting turnstile experiment
2024-01-08 13:56:23;INFO;Loading X and y...
2024-01-08 13:56:23;INFO;Fetching covertype from sklearn...
2024-01-08 13:57:36;INFO;Preprocessing...
2024-01-08 13:57:37;INFO;Done.
2024-01-08 13:57:37;INFO;Computing beta_opt...
2024-01-08 13:58:48;INFO;Done.
2024-01-08 13:58:48;INFO;Running experiments...
2024-01-08 13:58:48;INFO;Current experimental config: {'run': 1, 'size': 1000}
2024-01-08 14:00:44;INFO;Starting turnstile experiment
2024-01-08 14:00:44;INFO;Loading X and y...
2024-01-08 14:00:44;INFO;Fetching covertype from sklearn...
2024-01-08 14:00:44;INFO;Preprocessing...
2024-01-08 14:00:45;INFO;Done.
2024-01-08 14:00:45;INFO;Computing beta_opt...
2024-01-08 14:02:51;INFO;Done.
2024-01-08 14:02:52;INFO;Running experiments...
2024-01-08 14:02:52;INFO;Current experimental config: {'run': 1, 'size': 1000}
2024-01-08 14:04:12;INFO;Starting turnstile experiment
2024-01-08 14:04:12;INFO;Loading X and y...
2024-01-08 14:04:12;INFO;Fetching covertype from sklearn...
2024-01-08 14:04:13;INFO;Preprocessing...
2024-01-08 14:04:13;INFO;Done.
2024-01-08 14:04:14;INFO;Computing beta_opt...
2024-01-08 14:06:05;INFO;Done.
2024-01-08 14:06:05;INFO;Running experiments...
2024-01-08 14:06:05;INFO;Current experimental config: {'run': 1, 'size': 1000}
2024-01-08 19:27:10;INFO;Starting turnstile experiment
2024-01-08 19:27:10;INFO;Loading X and y...
2024-01-08 19:27:10;INFO;Fetching covertype from sklearn...
2024-01-08 19:27:11;INFO;Preprocessing...
2024-01-08 19:27:12;INFO;Done.
2024-01-08 19:27:12;INFO;Computing beta_opt...
2024-01-08 19:29:16;INFO;Done.
2024-01-08 19:29:16;INFO;Running experiments...
2024-01-08 19:29:16;INFO;Current experimental config: {'run': 1, 'size': 1000}
2024-01-08 20:39:47;INFO;Starting turnstile experiment
2024-01-08 20:39:47;INFO;Loading X and y...
2024-01-08 20:39:47;INFO;Fetching covertype from sklearn...
2024-01-08 20:39:48;INFO;Preprocessing...
2024-01-08 20:39:49;INFO;Done.
2024-01-08 20:39:49;INFO;Computing beta_opt...
2024-01-08 20:41:22;INFO;Done.
2024-01-08 20:41:22;INFO;Running experiments...
2024-01-08 20:41:22;INFO;Current experimental config: {'run': 1, 'size': 1000}
